<?xml version="1.0" encoding="UTF-8"?>
<coverage generated="1663127213682" clover="3.2.0">
  <project timestamp="1663127213682" name="All files">
    <metrics statements="28" coveredstatements="21" conditionals="6" coveredconditionals="5" methods="19" coveredmethods="12" elements="53" coveredelements="38" complexity="0" loc="28" ncloc="28" packages="4" files="5" classes="5"/>
    <package name="e2e">
      <metrics statements="1" coveredstatements="1" conditionals="0" coveredconditionals="0" methods="0" coveredmethods="0"/>
      <file name="testIds.ts" path="/Users/todm/Learning/ReactNative/finor-mobile/e2e/testIds.ts">
        <metrics statements="1" coveredstatements="1" conditionals="0" coveredconditionals="0" methods="0" coveredmethods="0"/>
        <line num="1" count="1" type="stmt"/>
      </file>
    </package>
    <package name="src.global.styles">
      <metrics statements="5" coveredstatements="1" conditionals="0" coveredconditionals="0" methods="4" coveredmethods="0"/>
      <file name="theme.ts" path="/Users/todm/Learning/ReactNative/finor-mobile/src/global/styles/theme.ts">
        <metrics statements="5" coveredstatements="1" conditionals="0" coveredconditionals="0" methods="4" coveredmethods="0"/>
        <line num="83" count="1" type="stmt"/>
        <line num="85" count="0" type="stmt"/>
        <line num="86" count="0" type="stmt"/>
        <line num="87" count="0" type="stmt"/>
        <line num="88" count="0" type="stmt"/>
      </file>
    </package>
    <package name="src.screens.Home">
      <metrics statements="21" coveredstatements="18" conditionals="6" coveredconditionals="5" methods="14" coveredmethods="11"/>
      <file name="Home.tsx" path="/Users/todm/Learning/ReactNative/finor-mobile/src/screens/Home/Home.tsx">
        <metrics statements="8" coveredstatements="5" conditionals="0" coveredconditionals="0" methods="4" coveredmethods="1"/>
        <line num="9" count="1" type="stmt"/>
        <line num="11" count="1" type="stmt"/>
        <line num="17" count="1" type="stmt"/>
        <line num="18" count="0" type="stmt"/>
        <line num="23" count="1" type="stmt"/>
        <line num="27" count="0" type="stmt"/>
        <line num="32" count="0" type="stmt"/>
        <line num="41" count="1" type="stmt"/>
      </file>
      <file name="HomeStyles.ts" path="/Users/todm/Learning/ReactNative/finor-mobile/src/screens/Home/HomeStyles.ts">
        <metrics statements="13" coveredstatements="13" conditionals="6" coveredconditionals="5" methods="10" coveredmethods="10"/>
        <line num="4" count="1" type="stmt"/>
        <line num="10" count="1" type="stmt"/>
        <line num="20" count="1" type="stmt"/>
        <line num="21" count="3" type="stmt"/>
        <line num="22" count="3" type="stmt"/>
        <line num="23" count="3" type="stmt"/>
        <line num="24" count="3" type="stmt"/>
        <line num="25" count="3" type="stmt"/>
        <line num="29" count="3" type="stmt"/>
        <line num="31" count="3" type="cond" truecount="2" falsecount="0"/>
        <line num="32" count="1" type="stmt"/>
        <line num="42" count="1" type="stmt"/>
        <line num="44" count="2" type="cond" truecount="1" falsecount="1"/>
      </file>
    </package>
    <package name="src.utils">
      <metrics statements="1" coveredstatements="1" conditionals="0" coveredconditionals="0" methods="1" coveredmethods="1"/>
      <file name="withTheme.tsx" path="/Users/todm/Learning/ReactNative/finor-mobile/src/utils/withTheme.tsx">
        <metrics statements="1" coveredstatements="1" conditionals="0" coveredconditionals="0" methods="1" coveredmethods="1"/>
        <line num="6" count="2" type="stmt"/>
      </file>
    </package>
  </project>
</coverage>
