{"/Users/todm/Learning/ReactNative/finor-mobile/e2e/testIds.ts": {"path":"/Users/todm/Learning/ReactNative/finor-mobile/e2e/testIds.ts","statementMap":{"0":{"start":{"line":1,"column":22},"end":{"line":6,"column":1}}},"fnMap":{},"branchMap":{},"s":{"0":1},"f":{},"b":{},"_coverageSchema":"1a1c01bbd47fc00a2c39e90264f33305004495a9","hash":"422e617e0db21b2ca215135128643b6e6f44fd87"}
,"/Users/todm/Learning/ReactNative/finor-mobile/src/global/styles/theme.ts": {"path":"/Users/todm/Learning/ReactNative/finor-mobile/src/global/styles/theme.ts","statementMap":{"0":{"start":{"line":83,"column":33},"end":{"line":89,"column":1}},"1":{"start":{"line":85,"column":37},"end":{"line":85,"column":55}},"2":{"start":{"line":86,"column":32},"end":{"line":86,"column":50}},"3":{"start":{"line":87,"column":33},"end":{"line":87,"column":53}},"4":{"start":{"line":88,"column":34},"end":{"line":88,"column":54}}},"fnMap":{"0":{"name":"(anonymous_0)","decl":{"start":{"line":85,"column":22},"end":{"line":85,"column":23}},"loc":{"start":{"line":85,"column":37},"end":{"line":85,"column":55}},"line":85},"1":{"name":"(anonymous_1)","decl":{"start":{"line":86,"column":17},"end":{"line":86,"column":18}},"loc":{"start":{"line":86,"column":32},"end":{"line":86,"column":50}},"line":86},"2":{"name":"(anonymous_2)","decl":{"start":{"line":87,"column":18},"end":{"line":87,"column":19}},"loc":{"start":{"line":87,"column":33},"end":{"line":87,"column":53}},"line":87},"3":{"name":"(anonymous_3)","decl":{"start":{"line":88,"column":19},"end":{"line":88,"column":20}},"loc":{"start":{"line":88,"column":34},"end":{"line":88,"column":54}},"line":88}},"branchMap":{},"s":{"0":1,"1":0,"2":0,"3":0,"4":0},"f":{"0":0,"1":0,"2":0,"3":0},"b":{},"_coverageSchema":"1a1c01bbd47fc00a2c39e90264f33305004495a9","hash":"abae88d80f002f79566eb1471bae1cfab2e4224f"}
,"/Users/todm/Learning/ReactNative/finor-mobile/src/screens/Home/Home.tsx": {"path":"/Users/todm/Learning/ReactNative/finor-mobile/src/screens/Home/Home.tsx","statementMap":{"0":{"start":{"line":9,"column":43},"end":{"line":9,"column":54}},"1":{"start":{"line":11,"column":17},"end":{"line":13,"column":1}},"2":{"start":{"line":17,"column":27},"end":{"line":21,"column":3}},"3":{"start":{"line":18,"column":4},"end":{"line":20,"column":6}},"4":{"start":{"line":23,"column":2},"end":{"line":38,"column":4}},"5":{"start":{"line":27,"column":80},"end":{"line":27,"column":98}},"6":{"start":{"line":32,"column":77},"end":{"line":32,"column":95}},"7":{"start":{"line":41,"column":15},"end":{"line":48,"column":2}}},"fnMap":{"0":{"name":"Home","decl":{"start":{"line":15,"column":16},"end":{"line":15,"column":20}},"loc":{"start":{"line":15,"column":74},"end":{"line":39,"column":1}},"line":15},"1":{"name":"(anonymous_1)","decl":{"start":{"line":17,"column":27},"end":{"line":17,"column":28}},"loc":{"start":{"line":17,"column":33},"end":{"line":21,"column":3}},"line":17},"2":{"name":"(anonymous_2)","decl":{"start":{"line":27,"column":74},"end":{"line":27,"column":75}},"loc":{"start":{"line":27,"column":80},"end":{"line":27,"column":98}},"line":27},"3":{"name":"(anonymous_3)","decl":{"start":{"line":32,"column":71},"end":{"line":32,"column":72}},"loc":{"start":{"line":32,"column":77},"end":{"line":32,"column":95}},"line":32}},"branchMap":{},"s":{"0":1,"1":1,"2":1,"3":0,"4":1,"5":0,"6":0,"7":1},"f":{"0":1,"1":0,"2":0,"3":0},"b":{},"_coverageSchema":"1a1c01bbd47fc00a2c39e90264f33305004495a9","hash":"4d2b6c3713fb446b853f677409016040797beb9e"}
,"/Users/todm/Learning/ReactNative/finor-mobile/src/screens/Home/HomeStyles.ts": {"path":"/Users/todm/Learning/ReactNative/finor-mobile/src/screens/Home/HomeStyles.ts","statementMap":{"0":{"start":{"line":4,"column":25},"end":{"line":9,"column":1}},"1":{"start":{"line":10,"column":21},"end":{"line":14,"column":1}},"2":{"start":{"line":20,"column":25},"end":{"line":36,"column":1}},"3":{"start":{"line":21,"column":26},"end":{"line":21,"column":47}},"4":{"start":{"line":22,"column":27},"end":{"line":22,"column":48}},"5":{"start":{"line":23,"column":34},"end":{"line":23,"column":54}},"6":{"start":{"line":24,"column":37},"end":{"line":24,"column":57}},"7":{"start":{"line":25,"column":26},"end":{"line":25,"column":44}},"8":{"start":{"line":29,"column":27},"end":{"line":29,"column":46}},"9":{"start":{"line":31,"column":4},"end":{"line":35,"column":54}},"10":{"start":{"line":32,"column":23},"end":{"line":32,"column":41}},"11":{"start":{"line":42,"column":29},"end":{"line":45,"column":1}},"12":{"start":{"line":44,"column":4},"end":{"line":44,"column":65}},"13":{"start":{"line":44,"column":47},"end":{"line":44,"column":65}}},"fnMap":{"0":{"name":"(anonymous_0)","decl":{"start":{"line":21,"column":11},"end":{"line":21,"column":12}},"loc":{"start":{"line":21,"column":26},"end":{"line":21,"column":47}},"line":21},"1":{"name":"(anonymous_1)","decl":{"start":{"line":22,"column":12},"end":{"line":22,"column":13}},"loc":{"start":{"line":22,"column":27},"end":{"line":22,"column":48}},"line":22},"2":{"name":"(anonymous_2)","decl":{"start":{"line":23,"column":19},"end":{"line":23,"column":20}},"loc":{"start":{"line":23,"column":34},"end":{"line":23,"column":54}},"line":23},"3":{"name":"(anonymous_3)","decl":{"start":{"line":24,"column":22},"end":{"line":24,"column":23}},"loc":{"start":{"line":24,"column":37},"end":{"line":24,"column":57}},"line":24},"4":{"name":"(anonymous_4)","decl":{"start":{"line":25,"column":11},"end":{"line":25,"column":12}},"loc":{"start":{"line":25,"column":26},"end":{"line":25,"column":44}},"line":25},"5":{"name":"(anonymous_5)","decl":{"start":{"line":29,"column":12},"end":{"line":29,"column":13}},"loc":{"start":{"line":29,"column":27},"end":{"line":29,"column":46}},"line":29},"6":{"name":"(anonymous_6)","decl":{"start":{"line":30,"column":10},"end":{"line":30,"column":11}},"loc":{"start":{"line":31,"column":4},"end":{"line":35,"column":54}},"line":31},"7":{"name":"(anonymous_7)","decl":{"start":{"line":32,"column":8},"end":{"line":32,"column":9}},"loc":{"start":{"line":32,"column":23},"end":{"line":32,"column":41}},"line":32},"8":{"name":"(anonymous_8)","decl":{"start":{"line":43,"column":11},"end":{"line":43,"column":12}},"loc":{"start":{"line":44,"column":4},"end":{"line":44,"column":65}},"line":44},"9":{"name":"(anonymous_9)","decl":{"start":{"line":44,"column":32},"end":{"line":44,"column":33}},"loc":{"start":{"line":44,"column":47},"end":{"line":44,"column":65}},"line":44}},"branchMap":{"0":{"loc":{"start":{"line":31,"column":4},"end":{"line":35,"column":54}},"type":"cond-expr","locations":[{"start":{"line":32,"column":8},"end":{"line":32,"column":41}},{"start":{"line":33,"column":8},"end":{"line":35,"column":54}}],"line":31},"1":{"loc":{"start":{"line":33,"column":8},"end":{"line":35,"column":54}},"type":"cond-expr","locations":[{"start":{"line":34,"column":8},"end":{"line":34,"column":51}},{"start":{"line":35,"column":8},"end":{"line":35,"column":54}}],"line":33},"2":{"loc":{"start":{"line":44,"column":4},"end":{"line":44,"column":65}},"type":"cond-expr","locations":[{"start":{"line":44,"column":18},"end":{"line":44,"column":29}},{"start":{"line":44,"column":32},"end":{"line":44,"column":65}}],"line":44}},"s":{"0":1,"1":1,"2":1,"3":3,"4":3,"5":3,"6":3,"7":3,"8":3,"9":3,"10":1,"11":1,"12":2,"13":2},"f":{"0":3,"1":3,"2":3,"3":3,"4":3,"5":3,"6":3,"7":1,"8":2,"9":2},"b":{"0":[1,2],"1":[1,1],"2":[0,2]},"_coverageSchema":"1a1c01bbd47fc00a2c39e90264f33305004495a9","hash":"8268cff104d249460373b6605fa5d9ae088d5b93"}
,"/Users/todm/Learning/ReactNative/finor-mobile/src/utils/withTheme.tsx": {"path":"/Users/todm/Learning/ReactNative/finor-mobile/src/utils/withTheme.tsx","statementMap":{"0":{"start":{"line":6,"column":18},"end":{"line":6,"column":106}},"1":{"start":{"line":6,"column":50},"end":{"line":6,"column":106}}},"fnMap":{"0":{"name":"(anonymous_0)","decl":{"start":{"line":6,"column":18},"end":{"line":6,"column":19}},"loc":{"start":{"line":6,"column":50},"end":{"line":6,"column":106}},"line":6}},"branchMap":{},"s":{"0":1,"1":2},"f":{"0":2},"b":{},"_coverageSchema":"1a1c01bbd47fc00a2c39e90264f33305004495a9","hash":"8c9878edd6c4b525473d547803c205c659bf2289"}
}
