TN:
SF:e2e/testIds.ts
FNF:0
FNH:0
DA:1,1
LF:1
LH:1
BRF:0
BRH:0
end_of_record
TN:
SF:src/global/styles/theme.ts
FN:85,(anonymous_0)
FN:86,(anonymous_1)
FN:87,(anonymous_2)
FN:88,(anonymous_3)
FNF:4
FNH:0
FNDA:0,(anonymous_0)
FNDA:0,(anonymous_1)
FNDA:0,(anonymous_2)
FNDA:0,(anonymous_3)
DA:83,1
DA:85,0
DA:86,0
DA:87,0
DA:88,0
LF:5
LH:1
BRF:0
BRH:0
end_of_record
TN:
SF:src/screens/Home/Home.tsx
FN:15,Home
FN:17,(anonymous_1)
FN:27,(anonymous_2)
FN:32,(anonymous_3)
FNF:4
FNH:1
FNDA:1,Home
FNDA:0,(anonymous_1)
FNDA:0,(anonymous_2)
FNDA:0,(anonymous_3)
DA:9,1
DA:11,1
DA:17,1
DA:18,0
DA:23,1
DA:27,0
DA:32,0
DA:41,1
LF:8
LH:5
BRF:0
BRH:0
end_of_record
TN:
SF:src/screens/Home/HomeStyles.ts
FN:21,(anonymous_0)
FN:22,(anonymous_1)
FN:23,(anonymous_2)
FN:24,(anonymous_3)
FN:25,(anonymous_4)
FN:29,(anonymous_5)
FN:30,(anonymous_6)
FN:32,(anonymous_7)
FN:43,(anonymous_8)
FN:44,(anonymous_9)
FNF:10
FNH:10
FNDA:3,(anonymous_0)
FNDA:3,(anonymous_1)
FNDA:3,(anonymous_2)
FNDA:3,(anonymous_3)
FNDA:3,(anonymous_4)
FNDA:3,(anonymous_5)
FNDA:3,(anonymous_6)
FNDA:1,(anonymous_7)
FNDA:2,(anonymous_8)
FNDA:2,(anonymous_9)
DA:4,1
DA:10,1
DA:20,1
DA:21,3
DA:22,3
DA:23,3
DA:24,3
DA:25,3
DA:29,3
DA:31,3
DA:32,1
DA:42,1
DA:44,2
LF:13
LH:13
BRDA:31,0,0,1
BRDA:31,0,1,2
BRDA:33,1,0,1
BRDA:33,1,1,1
BRDA:44,2,0,0
BRDA:44,2,1,2
BRF:6
BRH:5
end_of_record
TN:
SF:src/utils/withTheme.tsx
FN:6,(anonymous_0)
FNF:1
FNH:1
FNDA:2,(anonymous_0)
DA:6,2
LF:1
LH:1
BRF:0
BRH:0
end_of_record
